s:\apps\dual_test\sculptup\release\vc120.pdb
s:\apps\dual_test\sculptup\bin\world_builder.pdb
s:\apps\dual_test\sculptup\release\fluidbuildersystem.obj
s:\apps\dual_test\sculptup\release\framebufferobject.obj
s:\apps\dual_test\sculptup\release\main.obj
s:\apps\dual_test\sculptup\release\ogredotscene.obj
s:\apps\dual_test\sculptup\release\program.obj
s:\apps\dual_test\sculptup\release\volumebuffer.obj
s:\apps\dual_test\sculptup\release\volumerender.obj
s:\apps\dual_test\sculptup\release\volumerender_mc.obj
s:\apps\dual_test\sculptup\release\vrwbaction.obj
s:\apps\dual_test\sculptup\release\worldbuilderscene.obj
s:\apps\dual_test\sculptup\release\worldbuildersystem.obj
s:\apps\dual_test\sculptup\bin\world_builder.exe
s:\apps\dual_test\sculptup\release\world_builder.tlog\cl.command.1.tlog
s:\apps\dual_test\sculptup\release\world_builder.tlog\cl.read.1.tlog
s:\apps\dual_test\sculptup\release\world_builder.tlog\cl.write.1.tlog
s:\apps\dual_test\sculptup\release\world_builder.tlog\link.command.1.tlog
s:\apps\dual_test\sculptup\release\world_builder.tlog\link.read.1.tlog
s:\apps\dual_test\sculptup\release\world_builder.tlog\link.write.1.tlog
