Build started 3/22/2017 10:23:26 AM.
     1>Project "S:\apps\dual_test\sculptup\world_builder.vcxproj" on node 2 (Rebuild target(s)).
     1>ClCompile:
         C:\Program Files (x86)\Microsoft Visual Studio 12.0\VC\bin\CL.exe /c /I.\include /I.\ext\include /I..\FionaLib\include /I..\FionaLib /Zi /nologo /W3 /WX- /O2 /Oi /Oy- /GL /D BOOST_NO_TYPEID /D WITHOUT_FBX /D WIN32 /D NDEBUG /D _CONSOLE /D _MBCS /Gm- /EHsc /MD /GS /Gy /fp:precise /Zc:wchar_t /Zc:forScope /Fo"Release\\" /Fd"Release\vc120.pdb" /Gd /TP /analyze- /errorReport:prompt src\FluidBuilderSystem.cpp src\framebufferObject.cpp src\main.cpp src\OgreDotScene.cpp src\Program.cpp src\VolumeBuffer.cpp src\VolumeRender.cpp src\VolumeRender_MC.cpp src\VRWBAction.cpp src\WorldBuilderScene.cpp src\WorldBuilderSystem.cpp
         FluidBuilderSystem.cpp
     1>src\FluidBuilderSystem.cpp(110): warning C4305: '=' : truncation from 'double' to 'float'
     1>src\FluidBuilderSystem.cpp(173): warning C4244: 'initializing' : conversion from 'double' to 'float', possible loss of data
     1>src\FluidBuilderSystem.cpp(174): warning C4244: 'initializing' : conversion from 'double' to 'float', possible loss of data
     1>src\FluidBuilderSystem.cpp(175): warning C4244: 'initializing' : conversion from 'double' to 'float', possible loss of data
         framebufferObject.cpp
         main.cpp
         OgreDotScene.cpp
         Program.cpp
     1>S:\apps\dual_test\sculptup\ext\include\nvSDKPath.h(23): warning C4996: 'getenv': This function or variable may be unsafe. Consider using _dupenv_s instead. To disable deprecation, use _CRT_SECURE_NO_WARNINGS. See online help for details.
                 C:\Program Files (x86)\Microsoft Visual Studio 12.0\VC\include\stdlib.h(462) : see declaration of 'getenv'
     1>S:\apps\dual_test\sculptup\ext\include\nvSDKPath.h(48): warning C4996: 'fopen': This function or variable may be unsafe. Consider using fopen_s instead. To disable deprecation, use _CRT_SECURE_NO_WARNINGS. See online help for details.
                 C:\Program Files (x86)\Microsoft Visual Studio 12.0\VC\include\stdio.h(211) : see declaration of 'fopen'
     1>S:\apps\dual_test\sculptup\ext\include\nvSDKPath.h(64): warning C4996: 'fopen': This function or variable may be unsafe. Consider using fopen_s instead. To disable deprecation, use _CRT_SECURE_NO_WARNINGS. See online help for details.
                 C:\Program Files (x86)\Microsoft Visual Studio 12.0\VC\include\stdio.h(211) : see declaration of 'fopen'
         VolumeBuffer.cpp
         VolumeRender.cpp
     1>S:\apps\dual_test\sculptup\ext\include\nvSDKPath.h(23): warning C4996: 'getenv': This function or variable may be unsafe. Consider using _dupenv_s instead. To disable deprecation, use _CRT_SECURE_NO_WARNINGS. See online help for details.
                 C:\Program Files (x86)\Microsoft Visual Studio 12.0\VC\include\stdlib.h(462) : see declaration of 'getenv'
     1>S:\apps\dual_test\sculptup\ext\include\nvSDKPath.h(48): warning C4996: 'fopen': This function or variable may be unsafe. Consider using fopen_s instead. To disable deprecation, use _CRT_SECURE_NO_WARNINGS. See online help for details.
                 C:\Program Files (x86)\Microsoft Visual Studio 12.0\VC\include\stdio.h(211) : see declaration of 'fopen'
     1>S:\apps\dual_test\sculptup\ext\include\nvSDKPath.h(64): warning C4996: 'fopen': This function or variable may be unsafe. Consider using fopen_s instead. To disable deprecation, use _CRT_SECURE_NO_WARNINGS. See online help for details.
                 C:\Program Files (x86)\Microsoft Visual Studio 12.0\VC\include\stdio.h(211) : see declaration of 'fopen'
         VolumeRender_MC.cpp
     1>S:\apps\dual_test\sculptup\ext\include\nvSDKPath.h(23): warning C4996: 'getenv': This function or variable may be unsafe. Consider using _dupenv_s instead. To disable deprecation, use _CRT_SECURE_NO_WARNINGS. See online help for details.
                 C:\Program Files (x86)\Microsoft Visual Studio 12.0\VC\include\stdlib.h(462) : see declaration of 'getenv'
     1>S:\apps\dual_test\sculptup\ext\include\nvSDKPath.h(48): warning C4996: 'fopen': This function or variable may be unsafe. Consider using fopen_s instead. To disable deprecation, use _CRT_SECURE_NO_WARNINGS. See online help for details.
                 C:\Program Files (x86)\Microsoft Visual Studio 12.0\VC\include\stdio.h(211) : see declaration of 'fopen'
     1>S:\apps\dual_test\sculptup\ext\include\nvSDKPath.h(64): warning C4996: 'fopen': This function or variable may be unsafe. Consider using fopen_s instead. To disable deprecation, use _CRT_SECURE_NO_WARNINGS. See online help for details.
                 C:\Program Files (x86)\Microsoft Visual Studio 12.0\VC\include\stdio.h(211) : see declaration of 'fopen'
         VRWBAction.cpp
         WorldBuilderScene.cpp
         WorldBuilderSystem.cpp
     1>src\WorldBuilderSystem.cpp(247): warning C4996: 'fopen': This function or variable may be unsafe. Consider using fopen_s instead. To disable deprecation, use _CRT_SECURE_NO_WARNINGS. See online help for details.
                 C:\Program Files (x86)\Microsoft Visual Studio 12.0\VC\include\stdio.h(211) : see declaration of 'fopen'
     1>C:\Program Files (x86)\MSBuild\Microsoft.Cpp\v4.0\V120\Microsoft.CppBuild.targets(1193,5): warning MSB8012: TargetPath(S:\apps\dual_test\sculptup\bin\world_builder.exe) does not match the Linker's OutputFile property value (S:\apps\dual_test\sculptup\Win32\Release\world_builder.exe). This may cause your project to build incorrectly. To correct this, please make sure that $(OutDir), $(TargetName) and $(TargetExt) property values match the value specified in %(Link.OutputFile).
       Link:
         C:\Program Files (x86)\Microsoft Visual Studio 12.0\VC\bin\link.exe /ERRORREPORT:PROMPT /OUT:"S:\apps\dual_test\sculptup\Win32\Release\world_builder.exe" /INCREMENTAL:NO /NOLOGO /LIBPATH:.\ext\lib /LIBPATH:..\FionaLib\lib xinput.lib FionaLib.lib leap.lib cg.lib cggl.lib vrpn.lib glew32s.lib glut32.lib ogreMain.lib ogreTerrain.lib ogreOggSound.lib nxogre.lib critterstatic.lib kernel32.lib user32.lib gdi32.lib winspool.lib comdlg32.lib advapi32.lib shell32.lib ole32.lib oleaut32.lib uuid.lib odbc32.lib odbccp32.lib kernel32.lib user32.lib gdi32.lib winspool.lib comdlg32.lib advapi32.lib shell32.lib ole32.lib oleaut32.lib uuid.lib odbc32.lib odbccp32.lib /MANIFEST /MANIFESTUAC:"level='asInvoker' uiAccess='false'" /manifest:embed /DEBUG /PDB:"bin\world_builder.pdb" /SUBSYSTEM:CONSOLE /OPT:REF /OPT:ICF /LTCG /TLBID:1 /DYNAMICBASE /NXCOMPAT /IMPLIB:"bin\world_builder.lib" /MACHINE:X86 /SAFESEH Release\FluidBuilderSystem.obj
         Release\framebufferObject.obj
         Release\main.obj
         Release\OgreDotScene.obj
         Release\Program.obj
         Release\VolumeBuffer.obj
         Release\VolumeRender.obj
         Release\VolumeRender_MC.obj
         Release\VRWBAction.obj
         Release\WorldBuilderScene.obj
         Release\WorldBuilderSystem.obj
     1>LINK : warning LNK4098: defaultlib 'LIBCMT' conflicts with use of other libs; use /NODEFAULTLIB:library
         Generating code
         Finished generating code
     1>FluidBuilderSystem.obj : warning LNK4049: locally defined symbol ___glewActiveTexture imported
     1>framebufferObject.obj : warning LNK4049: locally defined symbol ___glewDeleteFramebuffersEXT imported
     1>framebufferObject.obj : warning LNK4049: locally defined symbol ___glewGetFramebufferAttachmentParameterivEXT imported
     1>framebufferObject.obj : warning LNK4049: locally defined symbol ___glewBindFramebufferEXT imported
     1>framebufferObject.obj : warning LNK4049: locally defined symbol ___glewFramebufferRenderbufferEXT imported
     1>framebufferObject.obj : warning LNK4049: locally defined symbol ___glewFramebufferTexture1DEXT imported
     1>framebufferObject.obj : warning LNK4049: locally defined symbol ___glewFramebufferTexture3DEXT imported
     1>framebufferObject.obj : warning LNK4049: locally defined symbol ___glewGenFramebuffersEXT imported
     1>framebufferObject.obj : warning LNK4049: locally defined symbol ___glewFramebufferTexture2DEXT imported
     1>main.obj : warning LNK4049: locally defined symbol ___glewCompileShader imported
     1>main.obj : warning LNK4049: locally defined symbol ___glewLinkProgram imported
     1>main.obj : warning LNK4049: locally defined symbol _glewInit@0 imported
     1>main.obj : warning LNK4049: locally defined symbol ___glewGetShaderInfoLog imported
     1>main.obj : warning LNK4049: locally defined symbol ___glewCreateShader imported
     1>main.obj : warning LNK4049: locally defined symbol ___glewAttachShader imported
     1>main.obj : warning LNK4049: locally defined symbol ___glewCreateProgram imported
     1>main.obj : warning LNK4049: locally defined symbol ___glewGetProgramInfoLog imported
     1>main.obj : warning LNK4049: locally defined symbol ___glewGetShaderiv imported
     1>main.obj : warning LNK4049: locally defined symbol ___glewGetProgramiv imported
     1>main.obj : warning LNK4049: locally defined symbol ___glewShaderSource imported
     1>main.obj : warning LNK4049: locally defined symbol ___glewUseProgram imported
     1>Program.obj : warning LNK4049: locally defined symbol ___glewActiveTextureARB imported
     1>VolumeBuffer.obj : warning LNK4049: locally defined symbol ___glewTexSubImage3D imported
     1>VolumeBuffer.obj : warning LNK4049: locally defined symbol ___glewTexImage3D imported
     1>WorldBuilderScene.obj : warning LNK4049: locally defined symbol ___glewGetObjectParameterivARB imported
     1>WorldBuilderScene.obj : warning LNK4049: locally defined symbol ___glewBindBuffer imported
     1>WorldBuilderScene.obj : warning LNK4049: locally defined symbol ___glewGetUniformLocationARB imported
     1>WorldBuilderScene.obj : warning LNK4049: locally defined symbol ___glewShaderSourceARB imported
     1>WorldBuilderScene.obj : warning LNK4049: locally defined symbol ___glewDeleteObjectARB imported
     1>WorldBuilderScene.obj : warning LNK4049: locally defined symbol ___glewBufferDataARB imported
     1>WorldBuilderScene.obj : warning LNK4049: locally defined symbol ___glewValidateProgramARB imported
     1>WorldBuilderScene.obj : warning LNK4049: locally defined symbol ___glewCreateShaderObjectARB imported
     1>WorldBuilderScene.obj : warning LNK4049: locally defined symbol ___glewUniform3fARB imported
     1>WorldBuilderScene.obj : warning LNK4049: locally defined symbol ___glewGenBuffersARB imported
     1>WorldBuilderScene.obj : warning LNK4049: locally defined symbol ___glewUniform1fARB imported
     1>WorldBuilderScene.obj : warning LNK4049: locally defined symbol ___glewUseProgramObjectARB imported
     1>WorldBuilderScene.obj : warning LNK4049: locally defined symbol ___glewUniform1iARB imported
     1>WorldBuilderScene.obj : warning LNK4049: locally defined symbol ___glewCreateProgramObjectARB imported
     1>WorldBuilderScene.obj : warning LNK4049: locally defined symbol ___glewProgramParameteriEXT imported
     1>WorldBuilderScene.obj : warning LNK4049: locally defined symbol ___glewAttachObjectARB imported
     1>WorldBuilderScene.obj : warning LNK4049: locally defined symbol ___glewGetInfoLogARB imported
     1>WorldBuilderScene.obj : warning LNK4049: locally defined symbol ___glewCompileShaderARB imported
     1>WorldBuilderScene.obj : warning LNK4049: locally defined symbol ___glewLinkProgramARB imported
     1>glew32s.lib(glew.obj) : warning LNK4099: PDB 'vc120.pdb' was not found with 'glew32s.lib(glew.obj)' or at 'S:\apps\dual_test\sculptup\bin\vc120.pdb'; linking object as if no debug info
         world_builder.vcxproj -> S:\apps\dual_test\sculptup\bin\world_builder.exe
     1>Done Building Project "S:\apps\dual_test\sculptup\world_builder.vcxproj" (Rebuild target(s)).

Build succeeded.

Time Elapsed 00:01:47.73
